2026-06-22 20:46:02  WARNING   spotforecast2_safe.multitask.base.MultiTask  prepare_data: dropping 33 trailing rows without any observed target (2026-06-22 12:00:00+00:00 -> 2026-06-23 21:00:00+00:00); window geometry (data_end/cov_end/exo_pred) is anchored on the last observed target instead.
2026-06-22 20:46:02  INFO      spotforecast2_safe.multitask.base.MultiTask  Pipeline data shape after preparation: (39205, 2)
2026-06-22 20:46:03  INFO      spotforecast2_safe.multitask.base.MultiTask  Forecasted Load: 390 outliers automatically detected
2026-06-22 20:46:03  INFO      spotforecast2_safe.multitask.base.MultiTask  Actual Load: 388 outliers automatically detected
2026-06-22 20:46:03  INFO      spotforecast2_safe.multitask.base.MultiTask  Outlier detection complete.
2026-06-22 20:46:03  INFO      spotforecast2_safe.multitask.base.MultiTask  apply_imputation: NaN cells before imputation: 0 (method='weighted', shape=(39205, 2))
2026-06-22 20:46:03  INFO      spotforecast2_safe.multitask.base.MultiTask  Applying weighted imputation (n2n style)...
2026-06-22 20:46:03  INFO      spotforecast2_safe.multitask.base.MultiTask  Weight function created with 39205 entries.
2026-06-22 20:46:03  INFO      spotforecast2_safe.multitask.base.MultiTask  apply_imputation: NaN cells after imputation: 0
2026-06-22 20:46:03  INFO      spotforecast2_safe.multitask.base.MultiTask  Imputation complete (method=weighted).
2026-06-22 20:46:03  INFO      spotforecast2_safe.multitask.base.MultiTask  Building exogenous features...
2026-06-22 20:46:05  INFO      spotforecast2_safe.multitask.base.MultiTask    Weather features: (39241, 105)
2026-06-22 20:46:05  INFO      spotforecast2_safe.multitask.base.MultiTask    Calendar features: (39241, 4)
2026-06-22 20:46:05  INFO      spotforecast2_safe.multitask.base.MultiTask    Day/night features: (39241, 4)
2026-06-22 20:46:05  INFO      spotforecast2_safe.multitask.base.MultiTask    Holiday features: (39241, 1)
2026-06-22 20:46:05  INFO      spotforecast2_safe.multitask.base.MultiTask  Combined exogenous features shape: (39241, 126)
2026-06-22 20:46:05  INFO      spotforecast2_safe.multitask.base.MultiTask  Selected 27 exogenous features for training.
2026-06-22 20:46:05  INFO      spotforecast2_safe.multitask.base.MultiTask  Training window: 2023-06-23 11:00:00+00:00 to 2026-06-22 11:00:00+00:00
2026-06-22 20:46:05  INFO      spotforecast2_safe.multitask.base.MultiTask  Merged data shape: (39205, 28)
2026-06-22 20:46:05  INFO      spotforecast2_safe.multitask.base.MultiTask  Exogenous prediction covariates shape: (37, 126)
2026-06-22 20:46:05  INFO      spotforecast2_safe.multitask.base.MultiTask  [task 4] Target 'Actual Load': task 4: SpotOptim Tuned ...
2026-06-22 20:46:21  INFO      spotforecast2_safe.multitask.base.MultiTask    Best params: {'estimator__num_leaves': 112, 'estimator__max_depth': 5, 'estimator__learning_rate': 0.006900155707921931, 'estimator__n_estimators': 519, 'estimator__bagging_fraction': 0.6983501890160281, 'estimator__feature_fraction': 0.6914438403131421, 'estimator__reg_alpha': 97.68482611838803, 'estimator__reg_lambda': 47.3996750662761}
2026-06-22 20:46:21  INFO      spotforecast2_safe.multitask.base.MultiTask    Best lags: [ 1  2  3  4  5  6  7  8  9 10 11 12 13 14 15 16 17 18 19 20 21 22 23 24
 25 26 27 28 29 30 31 32 33 34 35 36 37 38 39 40 41 42 43 44 45 46 47 48]
2026-06-22 20:46:21  INFO      spotforecast2_safe.multitask.base.MultiTask    Saved tuning results: /Users/linuswolff/Documents/GitHub/syntaxerror-prognose/.cache/tuning_results/bart26k-live-team4-baseline_Actual Load_spotoptim_20260622_184621.json
2026-06-22 20:46:24  INFO      spotforecast2_safe.multitask.base.MultiTask    Saved model: /Users/linuswolff/Documents/GitHub/syntaxerror-prognose/.cache/models/bart26k-live-team4-baseline/bart26k-live-team4-baseline_Actual Load_spotoptim_20260622_184624.joblib
