2026-06-08 15:29:02  WARNING   spotforecast2_safe.multitask.base.MultiTask  prepare_data: dropping 33 trailing rows without any observed target (2026-06-08 12:00:00+00:00 -> 2026-06-09 21:00:00+00:00); window geometry (data_end/cov_end/exo_pred) is anchored on the last observed target instead.
2026-06-08 15:29:02  INFO      spotforecast2_safe.multitask.base.MultiTask  Pipeline data shape after preparation: (38869, 2)
2026-06-08 15:29:03  INFO      spotforecast2_safe.multitask.base.MultiTask  Forecasted Load: 369 outliers automatically detected
2026-06-08 15:29:03  INFO      spotforecast2_safe.multitask.base.MultiTask  Actual Load: 379 outliers automatically detected
2026-06-08 15:29:03  INFO      spotforecast2_safe.multitask.base.MultiTask  Outlier detection complete.
2026-06-08 15:29:03  INFO      spotforecast2_safe.multitask.base.MultiTask  apply_imputation: NaN cells before imputation: 0 (method='weighted', shape=(38869, 2))
2026-06-08 15:29:03  INFO      spotforecast2_safe.multitask.base.MultiTask  Applying weighted imputation (n2n style)...
2026-06-08 15:29:03  INFO      spotforecast2_safe.multitask.base.MultiTask  Weight function created with 38869 entries.
2026-06-08 15:29:03  INFO      spotforecast2_safe.multitask.base.MultiTask  apply_imputation: NaN cells after imputation: 0
2026-06-08 15:29:03  INFO      spotforecast2_safe.multitask.base.MultiTask  Imputation complete (method=weighted).
2026-06-08 15:29:03  INFO      spotforecast2_safe.multitask.base.MultiTask  Building exogenous features...
2026-06-08 15:29:07  INFO      spotforecast2_safe.multitask.base.MultiTask    Weather features: (38905, 105)
2026-06-08 15:29:07  INFO      spotforecast2_safe.multitask.base.MultiTask    Calendar features: (38905, 4)
2026-06-08 15:29:07  INFO      spotforecast2_safe.multitask.base.MultiTask    Day/night features: (38905, 4)
2026-06-08 15:29:07  INFO      spotforecast2_safe.multitask.base.MultiTask    Holiday features: (38905, 1)
2026-06-08 15:29:07  INFO      spotforecast2_safe.multitask.base.MultiTask    Holiday adjacency features: (38905, 3)
2026-06-08 15:29:07  INFO      spotforecast2_safe.multitask.base.MultiTask  Training window: 2024-06-08 11:00:00+00:00 to 2026-06-08 11:00:00+00:00
2026-06-08 15:29:08  INFO      spotforecast2_safe.multitask.base.MultiTask    Provider features: +4 columns (covid_infection_rate, entsoe_wind_forecast, entsoe_solar_forecast, entsoe_day_ahead_price)
2026-06-08 15:29:21  INFO      spotforecast2_safe.multitask.base.MultiTask  Capped polynomial features: kept 40 of 5995 (dropped 5955).
2026-06-08 15:29:21  INFO      spotforecast2_safe.multitask.base.MultiTask  Combined exogenous features shape: (38905, 173)
2026-06-08 15:29:21  INFO      spotforecast2_safe.multitask.base.MultiTask  Selected 165 exogenous features for training.
2026-06-08 15:29:21  INFO      spotforecast2_safe.multitask.base.MultiTask  Merged data shape: (38869, 166)
2026-06-08 15:29:21  INFO      spotforecast2_safe.multitask.base.MultiTask  Exogenous prediction covariates shape: (37, 173)
2026-06-08 15:29:21  INFO      spotforecast2_safe.multitask.base.MultiTask  [task 4] Target 'Actual Load': task 4: SpotOptim Tuned ...
2026-06-08 15:29:21  INFO      spotforecast2_safe.multitask.base.MultiTask    Warm-start lags seeded: [1, 2, 3, 15, 24, 25, 26, 169]
2026-06-08 15:29:21  INFO      spotforecast2_safe.multitask.base.MultiTask    SpotOptim n_jobs: -1
2026-06-08 15:34:12  INFO      spotforecast2_safe.multitask.base.MultiTask    Best params: {'estimator__num_leaves': 50, 'estimator__max_depth': 19, 'estimator__learning_rate': 0.008976603444441587, 'estimator__n_estimators': 4242, 'estimator__bagging_fraction': 0.5113359813955509, 'estimator__feature_fraction': 0.9562263551115622, 'estimator__reg_alpha': 0.01785761714272788, 'estimator__reg_lambda': 1.240708626624936}
2026-06-08 15:34:12  INFO      spotforecast2_safe.multitask.base.MultiTask    Best lags: [  1   2  24  48 167 168]
2026-06-08 15:34:12  INFO      spotforecast2_safe.multitask.base.MultiTask    Saved tuning results: /Users/linuswolff/Documents/GitHub/syntaxerror-prognose/.cache/tuning_results/bart26k-live-team4_Actual Load_spotoptim_20260608_133412.json
2026-06-08 15:35:10  INFO      spotforecast2_safe.multitask.base.MultiTask    Saved model: /Users/linuswolff/Documents/GitHub/syntaxerror-prognose/.cache/models/bart26k-live-team4/bart26k-live-team4_Actual Load_spotoptim_20260608_133510.joblib
2026-06-08 15:43:37  WARNING   spotforecast2_safe.multitask.base.MultiTask  prepare_data: dropping 33 trailing rows without any observed target (2026-06-08 12:00:00+00:00 -> 2026-06-09 21:00:00+00:00); window geometry (data_end/cov_end/exo_pred) is anchored on the last observed target instead.
2026-06-08 15:43:37  INFO      spotforecast2_safe.multitask.base.MultiTask  Pipeline data shape after preparation: (38869, 2)
2026-06-08 15:43:37  INFO      spotforecast2_safe.multitask.base.MultiTask  Forecasted Load: 369 outliers automatically detected
2026-06-08 15:43:37  INFO      spotforecast2_safe.multitask.base.MultiTask  Actual Load: 379 outliers automatically detected
2026-06-08 15:43:37  INFO      spotforecast2_safe.multitask.base.MultiTask  Outlier detection complete.
2026-06-08 15:43:37  INFO      spotforecast2_safe.multitask.base.MultiTask  apply_imputation: NaN cells before imputation: 0 (method='weighted', shape=(38869, 2))
2026-06-08 15:43:37  INFO      spotforecast2_safe.multitask.base.MultiTask  Applying weighted imputation (n2n style)...
2026-06-08 15:43:37  INFO      spotforecast2_safe.multitask.base.MultiTask  Weight function created with 38869 entries.
2026-06-08 15:43:37  INFO      spotforecast2_safe.multitask.base.MultiTask  apply_imputation: NaN cells after imputation: 0
2026-06-08 15:43:37  INFO      spotforecast2_safe.multitask.base.MultiTask  Imputation complete (method=weighted).
2026-06-08 15:43:37  INFO      spotforecast2_safe.multitask.base.MultiTask  Building exogenous features...
2026-06-08 15:43:44  INFO      spotforecast2_safe.multitask.base.MultiTask    Weather features: (38904, 105)
2026-06-08 15:43:44  INFO      spotforecast2_safe.multitask.base.MultiTask    Calendar features: (38904, 4)
2026-06-08 15:43:44  INFO      spotforecast2_safe.multitask.base.MultiTask    Day/night features: (38904, 4)
2026-06-08 15:43:44  INFO      spotforecast2_safe.multitask.base.MultiTask    Holiday features: (38904, 1)
2026-06-08 15:43:44  INFO      spotforecast2_safe.multitask.base.MultiTask    Holiday adjacency features: (38904, 3)
2026-06-08 15:43:44  INFO      spotforecast2_safe.multitask.base.MultiTask  Training window: 2022-06-09 12:00:00+00:00 to 2026-06-08 12:00:00+00:00
2026-06-08 15:43:44  INFO      spotforecast2_safe.multitask.base.MultiTask    Provider features: +4 columns (covid_infection_rate, entsoe_wind_forecast, entsoe_solar_forecast, entsoe_day_ahead_price)
2026-06-08 15:43:56  INFO      spotforecast2_safe.multitask.base.MultiTask  Capped polynomial features: kept 40 of 5995 (dropped 5955).
2026-06-08 15:43:56  INFO      spotforecast2_safe.multitask.base.MultiTask  Combined exogenous features shape: (38904, 173)
2026-06-08 15:43:56  INFO      spotforecast2_safe.multitask.base.MultiTask  Selected 165 exogenous features for training.
2026-06-08 15:43:56  INFO      spotforecast2_safe.multitask.base.MultiTask  Merged data shape: (38869, 166)
2026-06-08 15:43:56  INFO      spotforecast2_safe.multitask.base.MultiTask  Exogenous prediction covariates shape: (35, 173)
2026-06-08 15:43:56  INFO      spotforecast2_safe.multitask.base.MultiTask  [task 4] Target 'Actual Load': task 4: SpotOptim Tuned ...
2026-06-08 15:43:56  INFO      spotforecast2_safe.multitask.base.MultiTask    Warm-start lags seeded: [1, 2, 3, 15, 24, 25, 168, 169]
2026-06-08 15:43:56  INFO      spotforecast2_safe.multitask.base.MultiTask    SpotOptim n_jobs: -1
